C51 COMPILER V9.57.0.0   MAIN                                                              01/19/2026 19:51:58 PAGE 1   


C51 COMPILER V9.57.0.0, COMPILATION OF MODULE MAIN
OBJECT MODULE PLACED IN main.OBJ
COMPILER INVOKED BY: D:\Keil_v5\C51\BIN\C51.exe ..\..\main.c ROM(SMALL) BROWSE DEBUG CODE OBJECTEXTEND PREPRINT OBJECT(m
                    -ain.OBJ)

line level    source

   1          /* Main.c file generated by New Project wizard
   2           *
   3           * Created:   ÷‹“ª 1‘¬ 19 2026
   4           * Processor: 80C31
   5           * Compiler:  Keil for 8051
   6           */
   7          
   8          #include "reg52.h"
   9          
  10          void delay(void)
  11          {
  12   1         unsigned char i, j;
  13   1         for(i = 1; i<=200; i++)
  14   1            for(j = 1; j <= 125; j++);
  15   1      }
  16          
  17          void main(void)
  18           {
  19   1         unsigned char i;
  20   1         P2 = 0xfe;
  21   1         delay(); 
  22   1         
  23   1         while (1)
  24   1         {
  25   2            for(i = 1; i <= 7; i++)
  26   2            {
  27   3               P2 = ~(0x01<<i);
  28   3               delay();
  29   3            }
  30   2            for(i = 1; i <= 7; i++)
  31   2            {
  32   3               P2 = ~(0x80>>i);
  33   3               delay();
  34   3            }
  35   2         }
  36   1       }
C51 COMPILER V9.57.0.0   MAIN                                                              01/19/2026 19:51:58 PAGE 2   

ASSEMBLY LISTING OF GENERATED OBJECT CODE


             ; FUNCTION delay (BEGIN)
                                           ; SOURCE LINE # 10
                                           ; SOURCE LINE # 11
                                           ; SOURCE LINE # 13
;---- Variable 'i' assigned to Register 'R7' ----
0000 7F01              MOV     R7,#01H
0002         ?C0001:
                                           ; SOURCE LINE # 14
;---- Variable 'j' assigned to Register 'R6' ----
0002 7E01              MOV     R6,#01H
0004         ?C0004:
0004 0E                INC     R6
0005 BE7EFC            CJNE    R6,#07EH,?C0004
0008         ?C0003:
0008 0F                INC     R7
0009 EF                MOV     A,R7
000A D3                SETB    C
000B 94C8              SUBB    A,#0C8H
000D 40F3              JC      ?C0001
                                           ; SOURCE LINE # 15
000F         ?C0007:
000F 22                RET     
             ; FUNCTION delay (END)

             ; FUNCTION main (BEGIN)
                                           ; SOURCE LINE # 17
                                           ; SOURCE LINE # 18
                                           ; SOURCE LINE # 20
0000 75A0FE            MOV     P2,#0FEH
                                           ; SOURCE LINE # 21
0003 1100        R     ACALL   delay
0005         ?C0008:
                                           ; SOURCE LINE # 23
                                           ; SOURCE LINE # 24
                                           ; SOURCE LINE # 25
;---- Variable 'i' assigned to Register 'R5' ----
0005 7D01              MOV     R5,#01H
0007         ?C0010:
                                           ; SOURCE LINE # 26
                                           ; SOURCE LINE # 27
0007 7401              MOV     A,#01H
0009 A805              MOV     R0,AR5
000B 08                INC     R0
000C 8002              SJMP    ?C0018
000E         ?C0017:
000E C3                CLR     C
000F 33                RLC     A
0010         ?C0018:
0010 D8FC              DJNZ    R0,?C0017
0012 F4                CPL     A
0013 F5A0              MOV     P2,A
                                           ; SOURCE LINE # 28
0015 1100        R     ACALL   delay
                                           ; SOURCE LINE # 29
0017 0D                INC     R5
0018 BD08EC            CJNE    R5,#08H,?C0010
001B         ?C0011:
                                           ; SOURCE LINE # 30
001B 7D01              MOV     R5,#01H
C51 COMPILER V9.57.0.0   MAIN                                                              01/19/2026 19:51:58 PAGE 3   

001D         ?C0013:
001D ED                MOV     A,R5
001E D3                SETB    C
001F 9407              SUBB    A,#07H
0021 50E2              JNC     ?C0008
                                           ; SOURCE LINE # 31
                                           ; SOURCE LINE # 32
0023 7480              MOV     A,#080H
0025 A805              MOV     R0,AR5
0027 08                INC     R0
0028 8002              SJMP    ?C0020
002A         ?C0019:
002A C3                CLR     C
002B 13                RRC     A
002C         ?C0020:
002C D8FC              DJNZ    R0,?C0019
002E F4                CPL     A
002F F5A0              MOV     P2,A
                                           ; SOURCE LINE # 33
0031 1100        R     ACALL   delay
                                           ; SOURCE LINE # 34
0033 0D                INC     R5
0034 80E7              SJMP    ?C0013
             ; FUNCTION main (END)



MODULE INFORMATION:   STATIC OVERLAYABLE
   CODE SIZE        =     70    ----
   CONSTANT SIZE    =   ----    ----
   XDATA SIZE       =   ----    ----
   PDATA SIZE       =   ----    ----
   DATA SIZE        =   ----    ----
   IDATA SIZE       =   ----    ----
   BIT SIZE         =   ----    ----
END OF MODULE INFORMATION.


C51 COMPILATION COMPLETE.  0 WARNING(S),  0 ERROR(S)
