C51 COMPILER V9.57.0.0   MAIN                                                              01/20/2026 15:09:20 PAGE 1   


C51 COMPILER V9.57.0.0, COMPILATION OF MODULE MAIN
OBJECT MODULE PLACED IN main.OBJ
COMPILER INVOKED BY: d:\Keil_v5\C51\BIN\C51.EXE main.c OPTIMIZE(8,SPEED) BROWSE DEBUG OBJECTEXTEND

line level    source

   1          /* Main.c file generated by New Project wizard
   2           *
   3           * Created:   ?? 1? 19 2026
   4           * Processor: 80C31
   5           * Compiler:  Keil for 8051
   6           */
   7          
   8          #include "reg52.h"
   9          typedef unsigned char u8;
  10          typedef unsigned int u16;
  11          
  12          # define SMG_A_DP_PORT P0
  13          u8 gsmg_code[] = {
  14                  0x3f, 0x06, 0x5b, 0x4f, 0x66, 0x6d, 0x7d, 0x07, 
  15                  0x7f, 0x6f, 0x77, 0x7c, 0x39, 0x5e, 0x79, 0x71
  16          };  // common negative SSD.
  17          
  18          void delay_10us(u16 ten_us)
  19          {
  20   1              while(ten_us--);
  21   1      }
  22          
  23          void main(void)
  24          { 
  25   1              int i;
  26   1              while (1)
  27   1              {       SMG_A_DP_PORT = 0xff;
  28   2                      delay_10us(65535);
  29   2                      for(i = 0; i < 10; i++)
  30   2                      {
  31   3                              SMG_A_DP_PORT = gsmg_code[i];
  32   3                              delay_10us(65535);
  33   3                      }
  34   2              }
  35   1      }
  36          


MODULE INFORMATION:   STATIC OVERLAYABLE
   CODE SIZE        =     51    ----
   CONSTANT SIZE    =   ----    ----
   XDATA SIZE       =   ----    ----
   PDATA SIZE       =   ----    ----
   DATA SIZE        =     16    ----
   IDATA SIZE       =   ----    ----
   BIT SIZE         =   ----    ----
END OF MODULE INFORMATION.


C51 COMPILATION COMPLETE.  0 WARNING(S),  0 ERROR(S)
