C51 COMPILER V9.57.0.0   MAIN                                                              01/21/2026 21:56:08 PAGE 1   


C51 COMPILER V9.57.0.0, COMPILATION OF MODULE MAIN
OBJECT MODULE PLACED IN main.OBJ
COMPILER INVOKED BY: d:\Keil_v5\C51\BIN\C51.EXE main.c OPTIMIZE(8,SPEED) BROWSE DEBUG OBJECTEXTEND

line level    source

   1          /* Main.c file generated by New Project wizard
   2           *
   3           * Created:   ?? 1? 19 2026
   4           * Processor: 80C31
   5           * Compiler:  Keil for 8051
   6           */
   7          
   8          #include "reg52.h"
   9          #define SMG_PORT P0
  10          
  11          typedef unsigned char u8;
  12          typedef unsigned int u16;
  13          
  14          sbit LED1 = P2^0;
  15          sbit LED2 = P2^1;
  16          
  17          void delay_us(unsigned int us)
  18          {
  19   1          while(us--);
  20   1      }
  21          
  22          int0_srv() interrupt 0 
  23          {
  24   1              delay_us(10000);
  25   1              LED1 = ~LED1;
  26   1      }
  27          
  28          int1_srv() interrupt 2
  29          {
  30   1              delay_us(10000);
  31   1              LED2 = ~LED2;
  32   1      }
  33          
  34          
  35          void main(void)
  36          {
  37   1              IT0 = 1;
  38   1              IT1 = 1;
  39   1              IE = 0X85;
  40   1              while (1)
  41   1              {       
  42   2                      
  43   2                      
  44   2              }
  45   1      }
  46          


MODULE INFORMATION:   STATIC OVERLAYABLE
   CODE SIZE        =     86    ----
   CONSTANT SIZE    =   ----    ----
   XDATA SIZE       =   ----    ----
   PDATA SIZE       =   ----    ----
   DATA SIZE        =   ----    ----
   IDATA SIZE       =   ----    ----
C51 COMPILER V9.57.0.0   MAIN                                                              01/21/2026 21:56:08 PAGE 2   

   BIT SIZE         =   ----    ----
END OF MODULE INFORMATION.


C51 COMPILATION COMPLETE.  0 WARNING(S),  0 ERROR(S)
