C51 COMPILER V9.57.0.0   MAIN                                                              01/20/2026 17:46:28 PAGE 1   


C51 COMPILER V9.57.0.0, COMPILATION OF MODULE MAIN
OBJECT MODULE PLACED IN main.OBJ
COMPILER INVOKED BY: d:\Keil_v5\C51\BIN\C51.EXE main.c OPTIMIZE(8,SPEED) BROWSE DEBUG OBJECTEXTEND

line level    source

   1          /* Main.c file generated by New Project wizard
   2           *
   3           * Created:   ?? 1? 19 2026
   4           * Processor: 80C31
   5           * Compiler:  Keil for 8051
   6           */
   7          
   8          #include "reg52.h"
   9          #define SMG_PORT P0
  10          typedef unsigned char u8;
  11          typedef unsigned int u16;
  12          
  13          sbit LSA = P2^2;
  14          sbit LSB = P2^3;
  15          sbit LSC = P2^4;
  16          
  17          
  18          
  19          u8 gsmg_code[] = {
  20                  0x3f, 0x06, 0x5b, 0x4f, 0x66, 0x6d, 0x7d, 0x07, 
  21                  0x7f, 0x6f, 0x77, 0x7c, 0x39, 0x5e, 0x79, 0x71
  22          };  // common negative SSD. 0~9, A~F
  23          
  24          void delay_10us(u16 ten_us)
  25          {
  26   1              while(ten_us--);
  27   1      }
  28          
  29          void smg_display(void)
  30          {
  31   1              u8 i = 0;
  32   1              for(i = 0; i < 8; i++)
  33   1              {
  34   2                      switch(i)
  35   2                      {
  36   3                              case 0: LSC = 1; LSB = 1; LSA = 1; break;
  37   3                              case 1: LSC = 1; LSB = 1; LSA = 0; break;
  38   3                              case 2: LSC = 1; LSB = 0; LSA = 1; break;
  39   3                              case 3: LSC = 1; LSB = 0; LSA = 0; break;
  40   3                              case 4: LSC = 0; LSB = 1; LSA = 1; break;
  41   3                              case 5: LSC = 0; LSB = 1; LSA = 0; break;
  42   3                              case 6: LSC = 0; LSB = 0; LSA = 1; break;
  43   3                              case 7: LSC = 0; LSB = 0; LSA = 0; break;
  44   3                      }
  45   2                      SMG_PORT = gsmg_code[i];
  46   2                      delay_10us(100);
  47   2                      SMG_PORT = 0x00;
  48   2              }
  49   1      }
  50          
  51          void main(void)
  52          { 
  53   1              while (1)
  54   1              {       
  55   2                      smg_display();
C51 COMPILER V9.57.0.0   MAIN                                                              01/20/2026 17:46:28 PAGE 2   

  56   2              }
  57   1      }
  58          


MODULE INFORMATION:   STATIC OVERLAYABLE
   CODE SIZE        =    125    ----
   CONSTANT SIZE    =   ----    ----
   XDATA SIZE       =   ----    ----
   PDATA SIZE       =   ----    ----
   DATA SIZE        =     16    ----
   IDATA SIZE       =   ----    ----
   BIT SIZE         =   ----    ----
END OF MODULE INFORMATION.


C51 COMPILATION COMPLETE.  0 WARNING(S),  0 ERROR(S)
